<?xml version="1.0" encoding="UTF-8"?>
<testsuite xmlns:xsi="http://www.w3.org/2001/XMLSchema-instance" xsi:noNamespaceSchemaLocation="https://maven.apache.org/surefire/maven-surefire-plugin/xsd/surefire-test-report.xsd" name="com.mycompany.app.AppTest" time="0.048" tests="1" errors="0" skipped="0" failures="0">
  <properties>
    <property name="java.specification.version" value="17"/>
    <property name="sun.cpu.isalist" value="amd64"/>
    <property name="sun.jnu.encoding" value="Cp1252"/>
    <property name="java.class.path" value="C:\workspace\my-app\target\test-classes;C:\workspace\my-app\target\classes;C:\Users\lucaz\.m2\repository\junit\junit\4.11\junit-4.11.jar;C:\Users\lucaz\.m2\repository\org\hamcrest\hamcrest-core\1.3\hamcrest-core-1.3.jar;C:\Users\lucaz\.m2\repository\org\apache\poi\poi-ooxml\5.2.0\poi-ooxml-5.2.0.jar;C:\Users\lucaz\.m2\repository\org\apache\poi\poi-ooxml-lite\5.2.0\poi-ooxml-lite-5.2.0.jar;C:\Users\lucaz\.m2\repository\org\apache\xmlbeans\xmlbeans\5.0.3\xmlbeans-5.0.3.jar;C:\Users\lucaz\.m2\repository\org\apache\commons\commons-compress\1.21\commons-compress-1.21.jar;C:\Users\lucaz\.m2\repository\commons-io\commons-io\2.11.0\commons-io-2.11.0.jar;C:\Users\lucaz\.m2\repository\com\github\virtuald\curvesapi\1.06\curvesapi-1.06.jar;C:\Users\lucaz\.m2\repository\org\apache\logging\log4j\log4j-api\2.17.1\log4j-api-2.17.1.jar;C:\Users\lucaz\.m2\repository\org\apache\commons\commons-collections4\4.4\commons-collections4-4.4.jar;C:\Users\lucaz\.m2\repository\org\apache\poi\poi\4.1.2\poi-4.1.2.jar;C:\Users\lucaz\.m2\repository\commons-codec\commons-codec\1.13\commons-codec-1.13.jar;C:\Users\lucaz\.m2\repository\org\apache\commons\commons-math3\3.6.1\commons-math3-3.6.1.jar;C:\Users\lucaz\.m2\repository\com\zaxxer\SparseBitSet\1.2\SparseBitSet-1.2.jar;C:\Users\lucaz\.m2\repository\org\openjfx\javafx-swing\13.0.2\javafx-swing-13.0.2-win.jar;C:\Users\lucaz\.m2\repository\org\openjfx\javafx-graphics\13.0.2\javafx-graphics-13.0.2.jar;C:\Users\lucaz\.m2\repository\org\openjfx\javafx-graphics\13.0.2\javafx-graphics-13.0.2-win.jar;C:\Users\lucaz\.m2\repository\org\openjfx\javafx-base\13.0.2\javafx-base-13.0.2.jar;C:\Users\lucaz\.m2\repository\org\openjfx\javafx-base\13.0.2\javafx-base-13.0.2-win.jar;"/>
    <property name="java.vm.vendor" value="Azul Systems, Inc."/>
    <property name="sun.arch.data.model" value="64"/>
    <property name="user.variant" value=""/>
    <property name="java.vendor.url" value="http://www.azul.com/"/>
    <property name="user.timezone" value="America/Sao_Paulo"/>
    <property name="descriptorId" value="jar-with-dependencies"/>
    <property name="os.name" value="Windows 11"/>
    <property name="java.vm.specification.version" value="17"/>
    <property name="sun.java.launcher" value="SUN_STANDARD"/>
    <property name="user.country" value="BR"/>
    <property name="sun.boot.library.path" value="C:\Program Files\Java\zulu17.36.13-ca-jdk17.0.4-win_x64\bin"/>
    <property name="sun.java.command" value="C:\Users\lucaz\AppData\Local\Temp\surefire14486327582093988099\surefirebooter10895447729099694950.jar C:\Users\lucaz\AppData\Local\Temp\surefire14486327582093988099 2022-11-14T14-20-59_324-jvmRun1 surefire8159659434253428574tmp surefire_013925273117326507424tmp"/>
    <property name="jdk.debug" value="release"/>
    <property name="surefire.test.class.path" value="C:\workspace\my-app\target\test-classes;C:\workspace\my-app\target\classes;C:\Users\lucaz\.m2\repository\junit\junit\4.11\junit-4.11.jar;C:\Users\lucaz\.m2\repository\org\hamcrest\hamcrest-core\1.3\hamcrest-core-1.3.jar;C:\Users\lucaz\.m2\repository\org\apache\poi\poi-ooxml\5.2.0\poi-ooxml-5.2.0.jar;C:\Users\lucaz\.m2\repository\org\apache\poi\poi-ooxml-lite\5.2.0\poi-ooxml-lite-5.2.0.jar;C:\Users\lucaz\.m2\repository\org\apache\xmlbeans\xmlbeans\5.0.3\xmlbeans-5.0.3.jar;C:\Users\lucaz\.m2\repository\org\apache\commons\commons-compress\1.21\commons-compress-1.21.jar;C:\Users\lucaz\.m2\repository\commons-io\commons-io\2.11.0\commons-io-2.11.0.jar;C:\Users\lucaz\.m2\repository\com\github\virtuald\curvesapi\1.06\curvesapi-1.06.jar;C:\Users\lucaz\.m2\repository\org\apache\logging\log4j\log4j-api\2.17.1\log4j-api-2.17.1.jar;C:\Users\lucaz\.m2\repository\org\apache\commons\commons-collections4\4.4\commons-collections4-4.4.jar;C:\Users\lucaz\.m2\repository\org\apache\poi\poi\4.1.2\poi-4.1.2.jar;C:\Users\lucaz\.m2\repository\commons-codec\commons-codec\1.13\commons-codec-1.13.jar;C:\Users\lucaz\.m2\repository\org\apache\commons\commons-math3\3.6.1\commons-math3-3.6.1.jar;C:\Users\lucaz\.m2\repository\com\zaxxer\SparseBitSet\1.2\SparseBitSet-1.2.jar;C:\Users\lucaz\.m2\repository\org\openjfx\javafx-swing\13.0.2\javafx-swing-13.0.2-win.jar;C:\Users\lucaz\.m2\repository\org\openjfx\javafx-graphics\13.0.2\javafx-graphics-13.0.2.jar;C:\Users\lucaz\.m2\repository\org\openjfx\javafx-graphics\13.0.2\javafx-graphics-13.0.2-win.jar;C:\Users\lucaz\.m2\repository\org\openjfx\javafx-base\13.0.2\javafx-base-13.0.2.jar;C:\Users\lucaz\.m2\repository\org\openjfx\javafx-base\13.0.2\javafx-base-13.0.2-win.jar;"/>
    <property name="sun.cpu.endian" value="little"/>
    <property name="user.home" value="C:\Users\lucaz"/>
    <property name="user.language" value="pt"/>
    <property name="java.specification.vendor" value="Oracle Corporation"/>
    <property name="java.version.date" value="2022-07-19"/>
    <property name="java.home" value="C:\Program Files\Java\zulu17.36.13-ca-jdk17.0.4-win_x64"/>
    <property name="file.separator" value="\"/>
    <property name="basedir" value="C:\workspace\my-app"/>
    <property name="java.vm.compressedOopsMode" value="32-bit"/>
    <property name="line.separator" value="&#10;"/>
    <property name="java.vm.specification.vendor" value="Oracle Corporation"/>
    <property name="java.specification.name" value="Java Platform API Specification"/>
    <property name="surefire.real.class.path" value="C:\Users\lucaz\AppData\Local\Temp\surefire14486327582093988099\surefirebooter10895447729099694950.jar"/>
    <property name="user.script" value=""/>
    <property name="sun.management.compiler" value="HotSpot 64-Bit Tiered Compilers"/>
    <property name="java.runtime.version" value="17.0.4+8-LTS"/>
    <property name="user.name" value="lucaz"/>
    <property name="path.separator" value=";"/>
    <property name="os.version" value="10.0"/>
    <property name="java.runtime.name" value="OpenJDK Runtime Environment"/>
    <property name="file.encoding" value="Cp1252"/>
    <property name="java.vm.name" value="OpenJDK 64-Bit Server VM"/>
    <property name="java.vendor.version" value="Zulu17.36+13-CA"/>
    <property name="localRepository" value="C:\Users\lucaz\.m2\repository"/>
    <property name="java.vendor.url.bug" value="http://www.azul.com/support/"/>
    <property name="java.io.tmpdir" value="C:\Users\lucaz\AppData\Local\Temp\"/>
    <property name="java.version" value="17.0.4"/>
    <property name="user.dir" value="C:\workspace\my-app"/>
    <property name="os.arch" value="amd64"/>
    <property name="java.vm.specification.name" value="Java Virtual Machine Specification"/>
    <property name="sun.os.patch.level" value=""/>
    <property name="native.encoding" value="Cp1252"/>
    <property name="java.library.path" value="C:\Program Files\Java\zulu17.36.13-ca-jdk17.0.4-win_x64\bin;C:\Windows\Sun\Java\bin;C:\Windows\system32;C:\Windows;C:\Users\lucaz\bin;C:\Program Files\Git\mingw64\bin;C:\Program Files\Git\usr\local\bin;C:\Program Files\Git\usr\bin;C:\Program Files\Git\usr\bin;C:\Program Files\Git\mingw64\bin;C:\Program Files\Git\usr\bin;C:\Users\lucaz\bin;C:\Program Files\Java\zulu17.36.13-ca-jdk17.0.4-win_x64\bin;C:\Program Files (x86)\Common Files\Oracle\Java\javapath;C:\Windows\system32;C:\Windows;C:\Windows\System32\Wbem;C:\Windows\System32\WindowsPowerShell\v1.0;C:\Windows\System32\OpenSSH;C:\Program Files\dotnet;C:\MinGW\bin;C:\Program Files\Git\cmd;C:\Program Files\nodejs;C:\apache-maven-3.8.6\bin;C:\Users\lucaz\AppData\Local\Microsoft\WindowsApps;C:\Users\lucaz\AppData\Local\Programs\Microsoft VS Code\bin;C:\Program Files\JetBrains\IntelliJ IDEA Community Edition 2022.2\bin;C:\Users\lucaz\.dotnet\tools;C:\Users\lucaz\AppData\Roaming\npm;C:\Program Files\heroku\bin;C:\Program Files\Git\usr\bin\vendor_perl;C:\Program Files\Git\usr\bin\core_perl;."/>
    <property name="java.vm.info" value="mixed mode, sharing"/>
    <property name="java.vendor" value="Azul Systems, Inc."/>
    <property name="java.vm.version" value="17.0.4+8-LTS"/>
    <property name="sun.io.unicode.encoding" value="UnicodeLittle"/>
    <property name="java.class.version" value="61.0"/>
  </properties>
  <testcase name="shouldAnswerWithTrue" classname="com.mycompany.app.AppTest" time="0.002"/>
</testsuite>